TN:
SF:FileA.js
FN:1,(anonymous_0)
FN:8,(anonymous_1)
FNF:2
FNH:0
FNDA:0,(anonymous_0)
FNDA:0,(anonymous_1)
DA:1,0
DA:2,0
DA:3,0
DA:4,0
DA:9,0
DA:19,0
LF:6
LH:0
BRF:0
BRH:0
end_of_record
TN:
SF:FileB.ts
FN:1,(anonymous_0)
FNF:1
FNH:0
FNDA:0,(anonymous_0)
DA:1,1
DA:2,1
DA:3,0
DA:4,0
LF:4
LH:2
BRF:0
BRH:0
end_of_record
TN:
SF:FileB2.ts
FN:1,(anonymous_0)
FNF:1
FNH:0
FNDA:0,(anonymous_0)
DA:1,0
LF:1
LH:0
BRF:0
BRH:0
end_of_record
TN:
SF:FileC.js
FNF:0
FNH:0
DA:1,1
DA:2,1
DA:3,1
DA:7,0
LF:4
LH:3
BRF:0
BRH:0
end_of_record
TN:
