TN:
SF:lib/reporter.js
FN:1,(anonymous_1)
FN:39,(anonymous_2)
FN:51,sendCoverage
FN:54,(anonymous_4)
FN:72,(anonymous_5)
FN:80,(anonymous_6)
FNF:6
FNH:6
FNDA:1,(anonymous_1)
FNDA:3,(anonymous_2)
FNDA:3,sendCoverage
FNDA:3,(anonymous_4)
FNDA:2,(anonymous_5)
FNDA:1,(anonymous_6)
DA:1,1
DA:25,1
DA:39,1
DA:40,3
DA:44,3
DA:45,0
DA:48,3
DA:50,3
DA:52,3
DA:54,3
DA:55,3
DA:61,3
DA:63,3
DA:64,0
DA:67,3
DA:73,2
DA:74,1
DA:75,1
DA:76,1
DA:77,1
DA:79,2
DA:81,1
DA:82,1
DA:83,1
DA:84,1
DA:87,3
LF:26
LH:24
BRDA:44,1,0,0
BRDA:44,1,1,3
BRDA:48,2,0,3
BRDA:48,2,1,0
BRDA:61,3,0,3
BRDA:61,3,1,3
BRDA:61,3,2,3
BRDA:63,4,0,0
BRDA:63,4,1,3
BRDA:73,5,0,1
BRDA:73,5,1,1
BRF:11
BRH:8
end_of_record
